<?xml version="1.0" encoding="UTF-8"?>
<testsuite name="com.yxhuang.jizhang.feature.ledger.ui.LedgerReducerTest" tests="4" skipped="0" failures="0" errors="0" timestamp="2026-04-19T02:33:05" hostname="yxhuangs-MacBook-Pro.local" time="0.015">
  <properties/>
  <testcase name="reduce maps transaction to item correctly()" classname="com.yxhuang.jizhang.feature.ledger.ui.LedgerReducerTest" time="0.011"/>
  <testcase name="reduce empty list returns empty state()" classname="com.yxhuang.jizhang.feature.ledger.ui.LedgerReducerTest" time="0.001"/>
  <testcase name="reduce different list returns new state()" classname="com.yxhuang.jizhang.feature.ledger.ui.LedgerReducerTest" time="0.001"/>
  <testcase name="reduce same list returns old state reference()" classname="com.yxhuang.jizhang.feature.ledger.ui.LedgerReducerTest" time="0.001"/>
  <system-out><![CDATA[]]></system-out>
  <system-err><![CDATA[]]></system-err>
</testsuite>
