<?xml version="1.0" encoding="UTF-8"?>
<testsuite name="com.yxhuang.jizhang.feature.ledger.ui.detail.TransactionDetailViewModelTest" tests="2" skipped="0" failures="0" errors="0" timestamp="2026-04-19T02:33:05" hostname="yxhuangs-MacBook-Pro.local" time="0.063">
  <properties/>
  <testcase name="load populates state with existing transaction()" classname="com.yxhuang.jizhang.feature.ledger.ui.detail.TransactionDetailViewModelTest" time="0.036"/>
  <testcase name="save updates repository()" classname="com.yxhuang.jizhang.feature.ledger.ui.detail.TransactionDetailViewModelTest" time="0.026"/>
  <system-out><![CDATA[]]></system-out>
  <system-err><![CDATA[]]></system-err>
</testsuite>
