<?xml version="1.0" encoding="UTF-8"?>
<testsuite name="com.yxhuang.jizhang.feature.capture.usecase.PersistCapturedTransactionUseCaseTest" tests="3" skipped="0" failures="0" errors="0" timestamp="2026-04-19T03:00:43" hostname="yxhuangs-MacBook-Pro.local" time="0.018">
  <properties/>
  <testcase name="missing merchant inserts parse failure()" classname="com.yxhuang.jizhang.feature.capture.usecase.PersistCapturedTransactionUseCaseTest" time="0.013"/>
  <testcase name="non payment inserts parse failure()" classname="com.yxhuang.jizhang.feature.capture.usecase.PersistCapturedTransactionUseCaseTest" time="0.003"/>
  <testcase name="valid payment inserts transaction()" classname="com.yxhuang.jizhang.feature.capture.usecase.PersistCapturedTransactionUseCaseTest" time="0.002"/>
  <system-out><![CDATA[]]></system-out>
  <system-err><![CDATA[]]></system-err>
</testsuite>
