<?xml version="1.0" encoding="UTF-8"?>
<testsuite name="com.yxhuang.jizhang.core.model.DomainModelTest" tests="7" skipped="0" failures="0" errors="0" timestamp="2026-04-18T13:03:23" hostname="yxhuangs-MBP" time="0.031">
  <properties/>
  <testcase name="parsedTransaction equals works()" classname="com.yxhuang.jizhang.core.model.DomainModelTest" time="0.006"/>
  <testcase name="transaction copy works correctly()" classname="com.yxhuang.jizhang.core.model.DomainModelTest" time="0.001"/>
  <testcase name="notificationData handles null fields()" classname="com.yxhuang.jizhang.core.model.DomainModelTest" time="0.017"/>
  <testcase name="parseFailureLog has correct defaults()" classname="com.yxhuang.jizhang.core.model.DomainModelTest" time="0.001"/>
  <testcase name="notificationData serializes and deserializes correctly()" classname="com.yxhuang.jizhang.core.model.DomainModelTest" time="0.003"/>
  <testcase name="categoryRule copy changes category()" classname="com.yxhuang.jizhang.core.model.DomainModelTest" time="0.001"/>
  <testcase name="transaction has correct default values()" classname="com.yxhuang.jizhang.core.model.DomainModelTest" time="0.0"/>
  <system-out><![CDATA[]]></system-out>
  <system-err><![CDATA[]]></system-err>
</testsuite>
